<?xml version="1.0" encoding="UTF-8"?>
<!-- Generated by org.testng.reporters.JUnitReportReporter -->
<testsuite skipped="0" hostname="DESKTOP-NTBS7B9" name="test.TestStartFreeTrial1" tests="2" failures="0" timestamp="2021-02-25T20:06:49 CET" time="14.227" errors="0">
  <testcase name="testcloseAdvertisment" time="8.339" classname="test.TestStartFreeTrial1"/>
  <system-out/>
  <testcase name="testTrial1" time="5.888" classname="test.TestStartFreeTrial1"/>
  <system-out/>
</testsuite> <!-- test.TestStartFreeTrial1 -->
