<?xml version="1.0" encoding="UTF-8"?>
<!-- Generated by org.testng.reporters.JUnitReportReporter -->
<testsuite skipped="0" hostname="DESKTOP-NTBS7B9" name="test.TestSettings" tests="4" failures="0" timestamp="2021-02-25T20:15:43 CET" time="33.094" errors="0">
  <testcase name="testcloseAdvertisment" time="7.868" classname="test.TestSettings"/>
  <system-out/>
  <testcase name="testLogin" time="2.987" classname="test.TestSettings"/>
  <system-out/>
  <testcase name="testChangeLanguage" time="12.148" classname="test.TestSettings"/>
  <system-out/>
  <testcase name="testNotifications" time="10.091" classname="test.TestSettings"/>
  <system-out/>
</testsuite> <!-- test.TestSettings -->
