<?xml version="1.0" encoding="UTF-8"?>
<!-- Generated by org.testng.reporters.JUnitReportReporter -->
<testsuite skipped="0" hostname="DESKTOP-NTBS7B9" name="test.TestStartFreeTrial2" tests="2" failures="0" timestamp="2021-02-24T13:55:44 CET" time="15.110" errors="0">
  <testcase name="testcloseAdvertisment" time="9.983" classname="test.TestStartFreeTrial2"/>
  <system-out/>
  <testcase name="testTrial2" time="5.127" classname="test.TestStartFreeTrial2"/>
  <system-out/>
</testsuite> <!-- test.TestStartFreeTrial2 -->
