<?xml version="1.0" encoding="UTF-8"?>
<!-- Generated by org.testng.reporters.JUnitReportReporter -->
<testsuite skipped="0" hostname="DESKTOP-NTBS7B9" name="test.TestMyCompany" tests="11" failures="0" timestamp="2021-02-25T10:15:39 CET" time="42.653" errors="0">
  <testcase name="testcloseAdvertisment" time="9.699" classname="test.TestMyCompany"/>
  <system-out/>
  <testcase name="testLogin" time="2.650" classname="test.TestMyCompany"/>
  <system-out/>
  <testcase name="testDashboard" time="4.439" classname="test.TestMyCompany"/>
  <system-out/>
  <testcase name="testShiftPlaning" time="3.043" classname="test.TestMyCompany"/>
  <system-out/>
  <testcase name="testTimeClock" time="2.871" classname="test.TestMyCompany"/>
  <system-out/>
  <testcase name="testLeave" time="2.779" classname="test.TestMyCompany"/>
  <system-out/>
  <testcase name="testTraining" time="2.792" classname="test.TestMyCompany"/>
  <system-out/>
  <testcase name="testStaff" time="5.259" classname="test.TestMyCompany"/>
  <system-out/>
  <testcase name="testPayroll" time="2.808" classname="test.TestMyCompany"/>
  <system-out/>
  <testcase name="testReports" time="2.783" classname="test.TestMyCompany"/>
  <system-out/>
  <testcase name="testAvailability" time="3.530" classname="test.TestMyCompany"/>
  <system-out/>
</testsuite> <!-- test.TestMyCompany -->
