<?xml version="1.0" encoding="UTF-8"?>
<!-- Generated by org.testng.reporters.JUnitReportReporter -->
<testsuite skipped="0" hostname="DESKTOP-NTBS7B9" name="test.TestProfile" tests="4" failures="0" timestamp="2021-02-26T18:25:49 CET" time="53.795" errors="0">
  <testcase name="testcloseAdvertisment" time="14.853" classname="test.TestProfile"/>
  <system-out/>
  <testcase name="testLogin" time="3.467" classname="test.TestProfile"/>
  <system-out/>
  <testcase name="testStaff" time="7.470" classname="test.TestProfile"/>
  <system-out/>
  <testcase name="testChangeAddressAndGender" time="28.005" classname="test.TestProfile"/>
  <system-out/>
</testsuite> <!-- test.TestProfile -->
