<?xml version="1.0" encoding="UTF-8"?>
<!-- Generated by org.testng.reporters.JUnitReportReporter -->
<testsuite skipped="0" hostname="DESKTOP-NTBS7B9" name="test.TestAddNewEmployed" tests="4" failures="0" timestamp="2021-02-25T13:50:50 CET" time="32.716" errors="0">
  <testcase name="testcloseAdvertisment" time="11.574" classname="test.TestAddNewEmployed"/>
  <system-out/>
  <testcase name="testLogin" time="2.401" classname="test.TestAddNewEmployed"/>
  <system-out/>
  <testcase name="testStaff" time="5.356" classname="test.TestAddNewEmployed"/>
  <system-out/>
  <testcase name="testAddEmployed" time="13.385" classname="test.TestAddNewEmployed"/>
  <system-out/>
</testsuite> <!-- test.TestAddNewEmployed -->
