<?xml version="1.0" encoding="UTF-8"?>
<!-- Generated by org.testng.reporters.JUnitReportReporter -->
<testsuite skipped="0" hostname="DESKTOP-NTBS7B9" name="test.TestChangeNameAndPicture" tests="5" failures="0" timestamp="2021-02-25T17:04:38 CET" time="46.824" errors="0">
  <testcase name="testcloseAdvertisment" time="6.688" classname="test.TestChangeNameAndPicture"/>
  <system-out/>
  <testcase name="testLogin" time="2.443" classname="test.TestChangeNameAndPicture"/>
  <system-out/>
  <testcase name="testStaff" time="5.320" classname="test.TestChangeNameAndPicture"/>
  <system-out/>
  <testcase name="testChangeName" time="27.467" classname="test.TestChangeNameAndPicture"/>
  <system-out/>
  <testcase name="testChangePicture" time="4.906" classname="test.TestChangeNameAndPicture"/>
  <system-out/>
</testsuite> <!-- test.TestChangeNameAndPicture -->
