<?xml version="1.0" encoding="UTF-8"?>
<!-- Generated by org.testng.reporters.JUnitReportReporter -->
<testsuite skipped="0" hostname="DESKTOP-NTBS7B9" name="test.TestAboutAs" tests="2" failures="0" timestamp="2021-02-24T15:22:23 CET" time="14.333" errors="0">
  <testcase name="testcloseAdvertisment" time="9.934" classname="test.TestAboutAs"/>
  <system-out/>
  <testcase name="ScreenShotAboutAS" time="4.399" classname="test.TestAboutAs"/>
  <system-out/>
</testsuite> <!-- test.TestAboutAs -->
