<?xml version="1.0" encoding="UTF-8"?>
<!-- Generated by org.testng.reporters.JUnitReportReporter -->
<testsuite skipped="0" hostname="DESKTOP-NTBS7B9" name="test.TestLogin$TestStartFreeTrial1" tests="2" failures="0" timestamp="2021-02-24T14:18:33 CET" time="12.846" errors="0">
  <testcase name="testcloseAdvertisment" time="9.984" classname="test.TestLogin$TestStartFreeTrial1"/>
  <system-out/>
  <testcase name="testLogin" time="2.862" classname="test.TestLogin$TestStartFreeTrial1"/>
  <system-out/>
</testsuite> <!-- test.TestLogin$TestStartFreeTrial1 -->
